# JRE version: Java(TM) SE Runtime Environment (8.0_261-b12) (build 1.8.0_261-b12)
# Java VM: Java HotSpot(TM) 64-Bit Server VM (25.261-b12 mixed mode windows-amd64 compressed oops)
Heap:
 PSYoungGen      total 70144K, used 13582K [0x00000000d5580000, 0x00000000da280000, 0x0000000100000000)
  eden space 64512K, 12% used [0x00000000d5580000,0x00000000d5d49cb8,0x00000000d9480000)
  from space 5632K, 99% used [0x00000000d9b00000,0x00000000da079cf0,0x00000000da080000)
  to   space 6656K, 0% used [0x00000000d9480000,0x00000000d9480000,0x00000000d9b00000)
 ParOldGen       total 44032K, used 6233K [0x0000000080000000, 0x0000000082b00000, 0x00000000d5580000)
  object space 44032K, 14% used [0x0000000080000000,0x0000000080616440,0x0000000082b00000)
 Metaspace       used 14799K, capacity 15318K, committed 15616K, reserved 1062912K
  class space    used 2073K, capacity 2209K, committed 2304K, reserved 1048576K
GC Heap History (10 events):
Event: 5.097 GC heap before
{Heap before GC invocations=2 (full 0):
 PSYoungGen      total 18944K, used 18464K [0x00000000d5580000, 0x00000000d6a80000, 0x0000000100000000)
  eden space 16384K, 100% used [0x00000000d5580000,0x00000000d6580000,0x00000000d6580000)
  from space 2560K, 81% used [0x00000000d6580000,0x00000000d6788020,0x00000000d6800000)
  to   space 2560K, 0% used [0x00000000d6800000,0x00000000d6800000,0x00000000d6a80000)
 ParOldGen       total 44032K, used 8K [0x0000000080000000, 0x0000000082b00000, 0x00000000d5580000)
  object space 44032K, 0% used [0x0000000080000000,0x0000000080002000,0x0000000082b00000)
 Metaspace       used 7117K, capacity 7426K, committed 7680K, reserved 1056768K
  class space    used 899K, capacity 991K, committed 1024K, reserved 1048576K
Event: 5.108 GC heap after
Heap after GC invocations=2 (full 0):
 PSYoungGen      total 18944K, used 2558K [0x00000000d5580000, 0x00000000d6a80000, 0x0000000100000000)
  eden space 16384K, 0% used [0x00000000d5580000,0x00000000d5580000,0x00000000d6580000)
  from space 2560K, 99% used [0x00000000d6800000,0x00000000d6a7fa48,0x00000000d6a80000)
  to   space 2560K, 0% used [0x00000000d6580000,0x00000000d6580000,0x00000000d6800000)
 ParOldGen       total 44032K, used 1366K [0x0000000080000000, 0x0000000082b00000, 0x00000000d5580000)
  object space 44032K, 3% used [0x0000000080000000,0x0000000080155940,0x0000000082b00000)
 Metaspace       used 7117K, capacity 7426K, committed 7680K, reserved 1056768K
  class space    used 899K, capacity 991K, committed 1024K, reserved 1048576K
}
Event: 5.597 GC heap before
{Heap before GC invocations=3 (full 0):
 PSYoungGen      total 18944K, used 18942K [0x00000000d5580000, 0x00000000d6a80000, 0x0000000100000000)
  eden space 16384K, 100% used [0x00000000d5580000,0x00000000d6580000,0x00000000d6580000)
  from space 2560K, 99% used [0x00000000d6800000,0x00000000d6a7fa48,0x00000000d6a80000)
  to   space 2560K, 0% used [0x00000000d6580000,0x00000000d6580000,0x00000000d6800000)
 ParOldGen       total 44032K, used 1366K [0x0000000080000000, 0x0000000082b00000, 0x00000000d5580000)
  object space 44032K, 3% used [0x0000000080000000,0x0000000080155940,0x0000000082b00000)
 Metaspace       used 7789K, capacity 8076K, committed 8320K, reserved 1056768K
  class space    used 981K, capacity 1058K, committed 1152K, reserved 1048576K
Event: 5.608 GC heap after
Heap after GC invocations=3 (full 0):
 PSYoungGen      total 18944K, used 2535K [0x00000000d5580000, 0x00000000d7a80000, 0x0000000100000000)
  eden space 16384K, 0% used [0x00000000d5580000,0x00000000d5580000,0x00000000d6580000)
  from space 2560K, 99% used [0x00000000d6580000,0x00000000d67f9d10,0x00000000d6800000)
  to   space 2560K, 0% used [0x00000000d7800000,0x00000000d7800000,0x00000000d7a80000)
 ParOldGen       total 44032K, used 1976K [0x0000000080000000, 0x0000000082b00000, 0x00000000d5580000)
  object space 44032K, 4% used [0x0000000080000000,0x00000000801ee258,0x0000000082b00000)
 Metaspace       used 7789K, capacity 8076K, committed 8320K, reserved 1056768K
  class space    used 981K, capacity 1058K, committed 1152K, reserved 1048576K
}
Event: 5.988 GC heap before
{Heap before GC invocations=4 (full 0):
 PSYoungGen      total 18944K, used 18919K [0x00000000d5580000, 0x00000000d7a80000, 0x0000000100000000)
  eden space 16384K, 100% used [0x00000000d5580000,0x00000000d6580000,0x00000000d6580000)
  from space 2560K, 99% used [0x00000000d6580000,0x00000000d67f9d10,0x00000000d6800000)
  to   space 2560K, 0% used [0x00000000d7800000,0x00000000d7800000,0x00000000d7a80000)
 ParOldGen       total 44032K, used 1976K [0x0000000080000000, 0x0000000082b00000, 0x00000000d5580000)
  object space 44032K, 4% used [0x0000000080000000,0x00000000801ee258,0x0000000082b00000)
 Metaspace       used 7864K, capacity 8172K, committed 8320K, reserved 1056768K
  class space    used 985K, capacity 1090K, committed 1152K, reserved 1048576K
Event: 5.994 GC heap after
Heap after GC invocations=4 (full 0):
 PSYoungGen      total 35328K, used 2535K [0x00000000d5580000, 0x00000000d7a80000, 0x0000000100000000)
  eden space 32768K, 0% used [0x00000000d5580000,0x00000000d5580000,0x00000000d7580000)
  from space 2560K, 99% used [0x00000000d7800000,0x00000000d7a79d10,0x00000000d7a80000)
  to   space 2560K, 0% used [0x00000000d7580000,0x00000000d7580000,0x00000000d7800000)
 ParOldGen       total 44032K, used 2640K [0x0000000080000000, 0x0000000082b00000, 0x00000000d5580000)
  object space 44032K, 5% used [0x0000000080000000,0x00000000802943d0,0x0000000082b00000)
 Metaspace       used 7864K, capacity 8172K, committed 8320K, reserved 1056768K
  class space    used 985K, capacity 1090K, committed 1152K, reserved 1048576K
}
Event: 6.909 GC heap before
{Heap before GC invocations=5 (full 0):
 PSYoungGen      total 35328K, used 35303K [0x00000000d5580000, 0x00000000d7a80000, 0x0000000100000000)
  eden space 32768K, 100% used [0x00000000d5580000,0x00000000d7580000,0x00000000d7580000)
  from space 2560K, 99% used [0x00000000d7800000,0x00000000d7a79d10,0x00000000d7a80000)
  to   space 2560K, 0% used [0x00000000d7580000,0x00000000d7580000,0x00000000d7800000)
 ParOldGen       total 44032K, used 2640K [0x0000000080000000, 0x0000000082b00000, 0x00000000d5580000)
  object space 44032K, 5% used [0x0000000080000000,0x00000000802943d0,0x0000000082b00000)
 Metaspace       used 10091K, capacity 10442K, committed 10496K, reserved 1058816K
  class space    used 1362K, capacity 1483K, committed 1536K, reserved 1048576K
Event: 6.924 GC heap after
Heap after GC invocations=5 (full 0):
 PSYoungGen      total 35328K, used 2535K [0x00000000d5580000, 0x00000000da080000, 0x0000000100000000)
  eden space 32768K, 0% used [0x00000000d5580000,0x00000000d5580000,0x00000000d7580000)
  from space 2560K, 99% used [0x00000000d7580000,0x00000000d77f9d30,0x00000000d7800000)
  to   space 5632K, 0% used [0x00000000d9b00000,0x00000000d9b00000,0x00000000da080000)
 ParOldGen       total 44032K, used 5405K [0x0000000080000000, 0x0000000082b00000, 0x00000000d5580000)
  object space 44032K, 12% used [0x0000000080000000,0x0000000080547718,0x0000000082b00000)
 Metaspace       used 10091K, capacity 10442K, committed 10496K, reserved 1058816K
  class space    used 1362K, capacity 1483K, committed 1536K, reserved 1048576K
}
Event: 9.437 GC heap before
{Heap before GC invocations=6 (full 0):
 PSYoungGen      total 35328K, used 35303K [0x00000000d5580000, 0x00000000da080000, 0x0000000100000000)
  eden space 32768K, 100% used [0x00000000d5580000,0x00000000d7580000,0x00000000d7580000)
  from space 2560K, 99% used [0x00000000d7580000,0x00000000d77f9d30,0x00000000d7800000)
  to   space 5632K, 0% used [0x00000000d9b00000,0x00000000d9b00000,0x00000000da080000)
 ParOldGen       total 44032K, used 5405K [0x0000000080000000, 0x0000000082b00000, 0x00000000d5580000)
  object space 44032K, 12% used [0x0000000080000000,0x0000000080547718,0x0000000082b00000)
 Metaspace       used 14432K, capacity 14960K, committed 15232K, reserved 1062912K
  class space    used 2010K, capacity 2176K, committed 2176K, reserved 1048576K
Event: 9.455 GC heap after
Heap after GC invocations=6 (full 0):
 PSYoungGen      total 70144K, used 5607K [0x00000000d5580000, 0x00000000da280000, 0x0000000100000000)
  eden space 64512K, 0% used [0x00000000d5580000,0x00000000d5580000,0x00000000d9480000)
  from space 5632K, 99% used [0x00000000d9b00000,0x00000000da079cf0,0x00000000da080000)
  to   space 6656K, 0% used [0x00000000d9480000,0x00000000d9480000,0x00000000d9b00000)
 ParOldGen       total 44032K, used 6233K [0x0000000080000000, 0x0000000082b00000, 0x00000000d5580000)
  object space 44032K, 14% used [0x0000000080000000,0x0000000080616440,0x0000000082b00000)
 Metaspace       used 14432K, capacity 14960K, committed 15232K, reserved 1062912K
  class space    used 2010K, capacity 2176K, committed 2176K, reserved 1048576K
}

